TickMatch sceneId 0 matchUserCount 0(22)(2017-09-26_14-15-12-308)
TickMatch sceneId 1 matchUserCount 0(22)(2017-09-26_14-15-12-308)
TickMatch sceneId 0 matchUserCount 0(22)(2017-09-26_14-15-13-332)
TickMatch sceneId 1 matchUserCount 0(22)(2017-09-26_14-15-13-332)
TickMatch sceneId 0 matchUserCount 0(22)(2017-09-26_14-15-14-357)
TickMatch sceneId 1 matchUserCount 0(22)(2017-09-26_14-15-14-357)
TickMatch sceneId 0 matchUserCount 0(22)(2017-09-26_14-15-15-380)
TickMatch sceneId 1 matchUserCount 0(22)(2017-09-26_14-15-15-380)
TickMatch sceneId 0 matchUserCount 0(22)(2017-09-26_14-15-16-403)
TickMatch sceneId 1 matchUserCount 0(22)(2017-09-26_14-15-16-403)
GlobalDataSave Guid SaveCount:1819, Time:0(9)(2017-09-26_14-15-16-814)
GlobalDataSave FriendProcessCache SaveCount:1819, Time:0(9)(2017-09-26_14-15-16-814)
TickMatch sceneId 0 matchUserCount 0(22)(2017-09-26_14-15-17-428)
TickMatch sceneId 1 matchUserCount 0(22)(2017-09-26_14-15-17-428)
TickMatch sceneId 0 matchUserCount 0(22)(2017-09-26_14-15-18-454)
TickMatch sceneId 1 matchUserCount 0(22)(2017-09-26_14-15-18-454)
TickMatch sceneId 0 matchUserCount 0(22)(2017-09-26_14-15-19-478)
TickMatch sceneId 1 matchUserCount 0(22)(2017-09-26_14-15-19-478)
TickMatch sceneId 0 matchUserCount 0(22)(2017-09-26_14-15-20-502)
TickMatch sceneId 1 matchUserCount 0(22)(2017-09-26_14-15-20-502)
TickMatch sceneId 0 matchUserCount 0(22)(2017-09-26_14-15-21-527)
TickMatch sceneId 1 matchUserCount 0(22)(2017-09-26_14-15-21-527)
TickMatch sceneId 0 matchUserCount 0(22)(2017-09-26_14-15-22-551)
TickMatch sceneId 1 matchUserCount 0(22)(2017-09-26_14-15-22-552)
GlobalDataSave Guid SaveCount:1820, Time:0(9)(2017-09-26_14-15-22-827)
GlobalDataSave FriendProcessCache SaveCount:1820, Time:0(9)(2017-09-26_14-15-22-828)
TickMatch sceneId 0 matchUserCount 0(22)(2017-09-26_14-15-23-579)
TickMatch sceneId 1 matchUserCount 0(22)(2017-09-26_14-15-23-579)
TickMatch sceneId 0 matchUserCount 0(22)(2017-09-26_14-15-24-604)
TickMatch sceneId 1 matchUserCount 0(22)(2017-09-26_14-15-24-604)
TickMatch sceneId 0 matchUserCount 0(22)(2017-09-26_14-15-25-628)
TickMatch sceneId 1 matchUserCount 0(22)(2017-09-26_14-15-25-628)
TickMatch sceneId 0 matchUserCount 0(22)(2017-09-26_14-15-26-651)
TickMatch sceneId 1 matchUserCount 0(22)(2017-09-26_14-15-26-651)
TickMatch sceneId 0 matchUserCount 0(22)(2017-09-26_14-15-27-674)
TickMatch sceneId 1 matchUserCount 0(22)(2017-09-26_14-15-27-674)
TickMatch sceneId 0 matchUserCount 0(22)(2017-09-26_14-15-28-700)
TickMatch sceneId 1 matchUserCount 0(22)(2017-09-26_14-15-28-700)
GlobalDataSave Guid SaveCount:1821, Time:0(9)(2017-09-26_14-15-28-847)
GlobalDataSave FriendProcessCache SaveCount:1821, Time:0(9)(2017-09-26_14-15-28-847)
TickMatch sceneId 0 matchUserCount 0(22)(2017-09-26_14-15-29-725)
TickMatch sceneId 1 matchUserCount 0(22)(2017-09-26_14-15-29-725)
Shake hands in login(8)(2017-09-26_14-15-29-740)
ShakeHands success(8)(2017-09-26_14-15-29-740)
TickMatch sceneId 0 matchUserCount 0(22)(2017-09-26_14-15-30-750)
TickMatch sceneId 1 matchUserCount 0(22)(2017-09-26_14-15-30-750)
TickMatch sceneId 0 matchUserCount 0(22)(2017-09-26_14-15-31-776)
TickMatch sceneId 1 matchUserCount 0(22)(2017-09-26_14-15-31-776)
TickMatch sceneId 0 matchUserCount 0(22)(2017-09-26_14-15-32-802)
TickMatch sceneId 1 matchUserCount 0(22)(2017-09-26_14-15-32-802)
TickMatch sceneId 0 matchUserCount 0(22)(2017-09-26_14-15-33-826)
TickMatch sceneId 1 matchUserCount 0(22)(2017-09-26_14-15-33-826)
TickMatch sceneId 0 matchUserCount 0(22)(2017-09-26_14-15-34-852)
TickMatch sceneId 1 matchUserCount 0(22)(2017-09-26_14-15-34-852)
GlobalDataSave Guid SaveCount:1822, Time:0(9)(2017-09-26_14-15-34-872)
GlobalDataSave FriendProcessCache SaveCount:1822, Time:0(9)(2017-09-26_14-15-34-872)
TickMatch sceneId 0 matchUserCount 0(22)(2017-09-26_14-15-35-876)
TickMatch sceneId 1 matchUserCount 0(22)(2017-09-26_14-15-35-876)
TickMatch sceneId 0 matchUserCount 0(22)(2017-09-26_14-15-36-902)
TickMatch sceneId 1 matchUserCount 0(22)(2017-09-26_14-15-36-902)
TickMatch sceneId 0 matchUserCount 0(22)(2017-09-26_14-15-37-927)
TickMatch sceneId 1 matchUserCount 0(22)(2017-09-26_14-15-37-927)
TickMatch sceneId 0 matchUserCount 0(22)(2017-09-26_14-15-38-953)
TickMatch sceneId 1 matchUserCount 0(22)(2017-09-26_14-15-38-953)
TickMatch sceneId 0 matchUserCount 0(22)(2017-09-26_14-15-39-977)
TickMatch sceneId 1 matchUserCount 0(22)(2017-09-26_14-15-39-977)
GlobalDataSave Guid SaveCount:1823, Time:0(9)(2017-09-26_14-15-40-886)
GlobalDataSave FriendProcessCache SaveCount:1823, Time:0(9)(2017-09-26_14-15-40-886)
TickMatch sceneId 0 matchUserCount 0(22)(2017-09-26_14-15-41-000)
TickMatch sceneId 1 matchUserCount 0(22)(2017-09-26_14-15-41-000)
TickMatch sceneId 0 matchUserCount 0(22)(2017-09-26_14-15-42-024)
TickMatch sceneId 1 matchUserCount 0(22)(2017-09-26_14-15-42-024)
TickMatch sceneId 0 matchUserCount 0(22)(2017-09-26_14-15-43-049)
TickMatch sceneId 1 matchUserCount 0(22)(2017-09-26_14-15-43-049)
TickMatch sceneId 0 matchUserCount 0(22)(2017-09-26_14-15-44-073)
TickMatch sceneId 1 matchUserCount 0(22)(2017-09-26_14-15-44-073)
TickMatch sceneId 0 matchUserCount 0(22)(2017-09-26_14-15-45-097)
TickMatch sceneId 1 matchUserCount 0(22)(2017-09-26_14-15-45-097)
TickMatch sceneId 0 matchUserCount 0(22)(2017-09-26_14-15-46-120)
TickMatch sceneId 1 matchUserCount 0(22)(2017-09-26_14-15-46-120)
GlobalDataSave Guid SaveCount:1824, Time:0(9)(2017-09-26_14-15-46-903)
GlobalDataSave FriendProcessCache SaveCount:1824, Time:0(9)(2017-09-26_14-15-46-903)
TickMatch sceneId 0 matchUserCount 0(22)(2017-09-26_14-15-47-144)
TickMatch sceneId 1 matchUserCount 0(22)(2017-09-26_14-15-47-144)
Shake hands in login(8)(2017-09-26_14-15-47-258)
ShakeHands success(8)(2017-09-26_14-15-47-258)
TickMatch sceneId 0 matchUserCount 0(22)(2017-09-26_14-15-48-169)
TickMatch sceneId 1 matchUserCount 0(22)(2017-09-26_14-15-48-169)
OnUserRequestRoomInfo user guid 70101, isCombatOver True(11)(2017-09-26_14-15-49-046)
TickMatch sceneId 0 matchUserCount 0(22)(2017-09-26_14-15-49-193)
TickMatch sceneId 1 matchUserCount 0(22)(2017-09-26_14-15-49-193)
TickMatch sceneId 0 matchUserCount 0(22)(2017-09-26_14-15-50-218)
TickMatch sceneId 1 matchUserCount 0(22)(2017-09-26_14-15-50-218)
TickMatch sceneId 0 matchUserCount 0(22)(2017-09-26_14-15-51-242)
TickMatch sceneId 1 matchUserCount 0(22)(2017-09-26_14-15-51-242)
TickMatch sceneId 0 matchUserCount 0(22)(2017-09-26_14-15-52-267)
TickMatch sceneId 1 matchUserCount 0(22)(2017-09-26_14-15-52-267)
GlobalDataSave Guid SaveCount:1825, Time:0(9)(2017-09-26_14-15-52-923)
GlobalDataSave FriendProcessCache SaveCount:1825, Time:0(9)(2017-09-26_14-15-52-923)
TickMatch sceneId 0 matchUserCount 0(22)(2017-09-26_14-15-53-292)
TickMatch sceneId 1 matchUserCount 0(22)(2017-09-26_14-15-53-292)
Request match guid 70101 sceneId 0(22)(2017-09-26_14-15-53-508)
TickMatch sceneId 0 matchUserCount 1(22)(2017-09-26_14-15-54-317)
TickMatch sceneId 1 matchUserCount 0(22)(2017-09-26_14-15-54-317)
TickMatch sceneId 0 matchUserCount 1(22)(2017-09-26_14-15-55-341)
TickMatch sceneId 1 matchUserCount 0(22)(2017-09-26_14-15-55-341)
TickMatch sceneId 0 matchUserCount 1(22)(2017-09-26_14-15-56-365)
TickMatch sceneId 1 matchUserCount 0(22)(2017-09-26_14-15-56-365)
TickMatch sceneId 0 matchUserCount 1(22)(2017-09-26_14-15-57-391)
TickMatch sceneId 1 matchUserCount 0(22)(2017-09-26_14-15-57-391)
TickMatch sceneId 0 matchUserCount 1(22)(2017-09-26_14-15-58-414)
TickMatch sceneId 1 matchUserCount 0(22)(2017-09-26_14-15-58-414)
GlobalDataSave Guid SaveCount:1826, Time:0(9)(2017-09-26_14-15-58-940)
GlobalDataSave FriendProcessCache SaveCount:1826, Time:0(9)(2017-09-26_14-15-58-940)
TickMatch sceneId 0 matchUserCount 1(22)(2017-09-26_14-15-59-441)
TickMatch sceneId 1 matchUserCount 0(22)(2017-09-26_14-15-59-441)
TickMatch sceneId 0 matchUserCount 1(22)(2017-09-26_14-16-00-465)
TickMatch sceneId 1 matchUserCount 0(22)(2017-09-26_14-16-00-465)
TickMatch sceneId 0 matchUserCount 1(22)(2017-09-26_14-16-01-490)
TickMatch sceneId 1 matchUserCount 0(22)(2017-09-26_14-16-01-490)
TickMatch sceneId 0 matchUserCount 1(22)(2017-09-26_14-16-02-513)
TickMatch sceneId 1 matchUserCount 0(22)(2017-09-26_14-16-02-513)
TickMatch sceneId 0 matchUserCount 1(22)(2017-09-26_14-16-03-538)
TickMatch sceneId 1 matchUserCount 0(22)(2017-09-26_14-16-03-538)
TickMatch sceneId 0 matchUserCount 1(22)(2017-09-26_14-16-04-563)
TickMatch sceneId 1 matchUserCount 0(22)(2017-09-26_14-16-04-563)
GlobalDataSave Guid SaveCount:1827, Time:0(9)(2017-09-26_14-16-04-957)
GlobalDataSave FriendProcessCache SaveCount:1827, Time:0(9)(2017-09-26_14-16-04-957)
TickMatch sceneId 0 matchUserCount 1(22)(2017-09-26_14-16-05-587)
TickMatch sceneId 1 matchUserCount 0(22)(2017-09-26_14-16-05-587)
TickMatch sceneId 0 matchUserCount 1(22)(2017-09-26_14-16-06-611)
TickMatch sceneId 1 matchUserCount 0(22)(2017-09-26_14-16-06-611)
TickMatch sceneId 0 matchUserCount 1(22)(2017-09-26_14-16-07-639)
TickMatch sceneId 1 matchUserCount 0(22)(2017-09-26_14-16-07-639)
TickMatch sceneId 0 matchUserCount 1(22)(2017-09-26_14-16-08-664)
TickMatch sceneId 1 matchUserCount 0(22)(2017-09-26_14-16-08-664)
TickMatch sceneId 0 matchUserCount 1(22)(2017-09-26_14-16-09-690)
TickMatch sceneId 1 matchUserCount 0(22)(2017-09-26_14-16-09-690)
TickMatch sceneId 0 matchUserCount 1(22)(2017-09-26_14-16-10-713)
TickMatch sceneId 1 matchUserCount 0(22)(2017-09-26_14-16-10-713)
GlobalDataSave Guid SaveCount:1828, Time:0(9)(2017-09-26_14-16-10-972)
GlobalDataSave FriendProcessCache SaveCount:1828, Time:0(9)(2017-09-26_14-16-10-972)
TickMatch sceneId 0 matchUserCount 1(22)(2017-09-26_14-16-11-739)
TickMatch sceneId 1 matchUserCount 0(22)(2017-09-26_14-16-11-739)
TickMatch sceneId 0 matchUserCount 1(22)(2017-09-26_14-16-12-763)
TickMatch sceneId 1 matchUserCount 0(22)(2017-09-26_14-16-12-763)
TickMatch sceneId 0 matchUserCount 1(22)(2017-09-26_14-16-13-789)
TickMatch sceneId 1 matchUserCount 0(22)(2017-09-26_14-16-13-789)
TickMatch sceneId 0 matchUserCount 1(22)(2017-09-26_14-16-14-816)
TickMatch sceneId 1 matchUserCount 0(22)(2017-09-26_14-16-14-817)
TickMatch sceneId 0 matchUserCount 1(22)(2017-09-26_14-16-15-842)
TickMatch sceneId 1 matchUserCount 0(22)(2017-09-26_14-16-15-842)
TickMatch sceneId 0 matchUserCount 1(22)(2017-09-26_14-16-16-866)
TickMatch sceneId 1 matchUserCount 0(22)(2017-09-26_14-16-16-866)
GlobalDataSave Guid SaveCount:1829, Time:0(9)(2017-09-26_14-16-16-994)
GlobalDataSave FriendProcessCache SaveCount:1829, Time:0(9)(2017-09-26_14-16-16-994)
TickMatch sceneId 0 matchUserCount 1(22)(2017-09-26_14-16-17-891)
TickMatch sceneId 1 matchUserCount 0(22)(2017-09-26_14-16-17-891)
TickMatch sceneId 0 matchUserCount 1(22)(2017-09-26_14-16-18-917)
TickMatch sceneId 1 matchUserCount 0(22)(2017-09-26_14-16-18-917)
