Save data success. MsgId:9, SerialNo:53582, Key:40101,5(6)(2017-09-26_14-15-16-840)
Save data success. MsgId:9, SerialNo:53586, Key:120101,5(6)(2017-09-26_14-15-16-840)
Save data success. MsgId:9, SerialNo:53590, Key:30101,1(6)(2017-09-26_14-15-16-840)
Save data success. MsgId:9, SerialNo:53594, Key:110101,1(6)(2017-09-26_14-15-16-840)
Save data success. MsgId:9, SerialNo:53598, Key:10101,5(6)(2017-09-26_14-15-16-840)
Save data success. MsgId:9, SerialNo:53602, Key:90101,5(6)(2017-09-26_14-15-16-840)
Save data success. MsgId:9, SerialNo:53606, Key:20101,1(6)(2017-09-26_14-15-16-840)
Save data success. MsgId:9, SerialNo:53610, Key:100101,1(6)(2017-09-26_14-15-16-840)
Save data success. MsgId:9, SerialNo:53581, Key:20101,5(5)(2017-09-26_14-15-16-840)
Save data success. MsgId:9, SerialNo:53585, Key:100101,5(5)(2017-09-26_14-15-16-840)
Save data success. MsgId:9, SerialNo:53589, Key:10101,1(5)(2017-09-26_14-15-16-840)
Save data success. MsgId:9, SerialNo:53593, Key:90101,1(5)(2017-09-26_14-15-16-840)
Save data success. MsgId:14, SerialNo:53597, Key:20170926141516(5)(2017-09-26_14-15-16-840)
Save data success. MsgId:9, SerialNo:53601, Key:70101,5(5)(2017-09-26_14-15-16-840)
Save data success. MsgId:9, SerialNo:53605, Key:150101,5(5)(2017-09-26_14-15-16-840)
Save data success. MsgId:9, SerialNo:53609, Key:80101,1(5)(2017-09-26_14-15-16-840)
Save data success. MsgId:9, SerialNo:53613, Key:160101,1(5)(2017-09-26_14-15-16-840)
Save data success. MsgId:9, SerialNo:53584, Key:80101,5(4)(2017-09-26_14-15-16-841)
Save data success. MsgId:9, SerialNo:53588, Key:160101,5(4)(2017-09-26_14-15-16-841)
Save data success. MsgId:9, SerialNo:53592, Key:70101,1(4)(2017-09-26_14-15-16-841)
Save data success. MsgId:9, SerialNo:53596, Key:150101,1(4)(2017-09-26_14-15-16-841)
Save data success. MsgId:9, SerialNo:53600, Key:50101,5(4)(2017-09-26_14-15-16-841)
Save data success. MsgId:9, SerialNo:53604, Key:130101,5(4)(2017-09-26_14-15-16-841)
Save data success. MsgId:9, SerialNo:53608, Key:60101,1(4)(2017-09-26_14-15-16-841)
Save data success. MsgId:9, SerialNo:53612, Key:140101,1(4)(2017-09-26_14-15-16-841)
Save data success. MsgId:9, SerialNo:53583, Key:60101,5(3)(2017-09-26_14-15-16-841)
Save data success. MsgId:9, SerialNo:53587, Key:140101,5(3)(2017-09-26_14-15-16-841)
Save data success. MsgId:9, SerialNo:53591, Key:50101,1(3)(2017-09-26_14-15-16-841)
Save data success. MsgId:9, SerialNo:53595, Key:130101,1(3)(2017-09-26_14-15-16-841)
Save data success. MsgId:9, SerialNo:53599, Key:30101,5(3)(2017-09-26_14-15-16-841)
Save data success. MsgId:9, SerialNo:53603, Key:110101,5(3)(2017-09-26_14-15-16-841)
Save data success. MsgId:9, SerialNo:53607, Key:40101,1(3)(2017-09-26_14-15-16-841)
Save data success. MsgId:9, SerialNo:53611, Key:120101,1(3)(2017-09-26_14-15-16-841)
Save data success. MsgId:9, SerialNo:53616, Key:50101,5(5)(2017-09-26_14-15-22-859)
Save data success. MsgId:9, SerialNo:53620, Key:130101,5(5)(2017-09-26_14-15-22-859)
Save data success. MsgId:9, SerialNo:53624, Key:60101,5(5)(2017-09-26_14-15-22-859)
Save data success. MsgId:9, SerialNo:53628, Key:140101,5(5)(2017-09-26_14-15-22-859)
Save data success. MsgId:9, SerialNo:53632, Key:60101,1(5)(2017-09-26_14-15-22-859)
Save data success. MsgId:9, SerialNo:53636, Key:140101,1(5)(2017-09-26_14-15-22-859)
Save data success. MsgId:9, SerialNo:53640, Key:50101,1(5)(2017-09-26_14-15-22-859)
Save data success. MsgId:9, SerialNo:53644, Key:130101,1(5)(2017-09-26_14-15-22-859)
Save data success. MsgId:9, SerialNo:53614, Key:10101,5(3)(2017-09-26_14-15-22-859)
Save data success. MsgId:9, SerialNo:53618, Key:90101,5(3)(2017-09-26_14-15-22-859)
Save data success. MsgId:9, SerialNo:53622, Key:20101,5(3)(2017-09-26_14-15-22-859)
Save data success. MsgId:9, SerialNo:53626, Key:100101,5(3)(2017-09-26_14-15-22-859)
Save data success. MsgId:9, SerialNo:53630, Key:20101,1(3)(2017-09-26_14-15-22-859)
Save data success. MsgId:9, SerialNo:53634, Key:100101,1(3)(2017-09-26_14-15-22-859)
Save data success. MsgId:9, SerialNo:53638, Key:10101,1(3)(2017-09-26_14-15-22-859)
Save data success. MsgId:9, SerialNo:53642, Key:90101,1(3)(2017-09-26_14-15-22-859)
Save data success. MsgId:14, SerialNo:53646, Key:20170926141522(3)(2017-09-26_14-15-22-859)
Save data success. MsgId:9, SerialNo:53617, Key:70101,5(6)(2017-09-26_14-15-22-859)
Save data success. MsgId:9, SerialNo:53621, Key:150101,5(6)(2017-09-26_14-15-22-859)
Save data success. MsgId:9, SerialNo:53625, Key:80101,5(6)(2017-09-26_14-15-22-859)
Save data success. MsgId:9, SerialNo:53629, Key:160101,5(6)(2017-09-26_14-15-22-860)
Save data success. MsgId:9, SerialNo:53633, Key:80101,1(6)(2017-09-26_14-15-22-860)
Save data success. MsgId:9, SerialNo:53637, Key:160101,1(6)(2017-09-26_14-15-22-860)
Save data success. MsgId:9, SerialNo:53641, Key:70101,1(6)(2017-09-26_14-15-22-860)
Save data success. MsgId:9, SerialNo:53645, Key:150101,1(6)(2017-09-26_14-15-22-860)
Save data success. MsgId:9, SerialNo:53615, Key:30101,5(4)(2017-09-26_14-15-22-860)
Save data success. MsgId:9, SerialNo:53619, Key:110101,5(4)(2017-09-26_14-15-22-860)
Save data success. MsgId:9, SerialNo:53623, Key:40101,5(4)(2017-09-26_14-15-22-860)
Save data success. MsgId:9, SerialNo:53627, Key:120101,5(4)(2017-09-26_14-15-22-860)
Save data success. MsgId:9, SerialNo:53631, Key:40101,1(4)(2017-09-26_14-15-22-860)
Save data success. MsgId:9, SerialNo:53635, Key:120101,1(4)(2017-09-26_14-15-22-860)
Save data success. MsgId:9, SerialNo:53639, Key:30101,1(4)(2017-09-26_14-15-22-860)
Save data success. MsgId:9, SerialNo:53643, Key:110101,1(4)(2017-09-26_14-15-22-860)
Save data success. MsgId:9, SerialNo:53649, Key:50101,1(3)(2017-09-26_14-15-28-868)
Save data success. MsgId:9, SerialNo:53653, Key:130101,1(3)(2017-09-26_14-15-28-868)
Save data success. MsgId:9, SerialNo:53657, Key:30101,5(3)(2017-09-26_14-15-28-868)
Save data success. MsgId:9, SerialNo:53661, Key:110101,5(3)(2017-09-26_14-15-28-868)
Save data success. MsgId:9, SerialNo:53665, Key:40101,5(3)(2017-09-26_14-15-28-868)
Save data success. MsgId:9, SerialNo:53669, Key:120101,5(3)(2017-09-26_14-15-28-868)
Save data success. MsgId:9, SerialNo:53673, Key:40101,1(3)(2017-09-26_14-15-28-868)
Save data success. MsgId:9, SerialNo:53677, Key:120101,1(3)(2017-09-26_14-15-28-868)
Save data success. MsgId:9, SerialNo:53648, Key:30101,1(6)(2017-09-26_14-15-28-868)
Save data success. MsgId:9, SerialNo:53652, Key:110101,1(6)(2017-09-26_14-15-28-868)
Save data success. MsgId:9, SerialNo:53656, Key:10101,5(6)(2017-09-26_14-15-28-868)
Save data success. MsgId:9, SerialNo:53660, Key:90101,5(6)(2017-09-26_14-15-28-868)
Save data success. MsgId:9, SerialNo:53664, Key:20101,5(6)(2017-09-26_14-15-28-868)
Save data success. MsgId:9, SerialNo:53668, Key:100101,5(6)(2017-09-26_14-15-28-868)
Save data success. MsgId:9, SerialNo:53672, Key:20101,1(6)(2017-09-26_14-15-28-868)
Save data success. MsgId:9, SerialNo:53676, Key:100101,1(6)(2017-09-26_14-15-28-868)
Save data success. MsgId:9, SerialNo:53647, Key:10101,1(5)(2017-09-26_14-15-28-868)
Save data success. MsgId:9, SerialNo:53651, Key:90101,1(5)(2017-09-26_14-15-28-868)
Save data success. MsgId:14, SerialNo:53655, Key:20170926141528(5)(2017-09-26_14-15-28-868)
Save data success. MsgId:9, SerialNo:53659, Key:70101,5(5)(2017-09-26_14-15-28-868)
Save data success. MsgId:9, SerialNo:53663, Key:150101,5(5)(2017-09-26_14-15-28-868)
Save data success. MsgId:9, SerialNo:53667, Key:80101,5(5)(2017-09-26_14-15-28-868)
Save data success. MsgId:9, SerialNo:53671, Key:160101,5(5)(2017-09-26_14-15-28-868)
Save data success. MsgId:9, SerialNo:53675, Key:80101,1(5)(2017-09-26_14-15-28-868)
Save data success. MsgId:9, SerialNo:53679, Key:160101,1(5)(2017-09-26_14-15-28-868)
Save data success. MsgId:9, SerialNo:53650, Key:70101,1(4)(2017-09-26_14-15-28-868)
Save data success. MsgId:9, SerialNo:53654, Key:150101,1(4)(2017-09-26_14-15-28-868)
Save data success. MsgId:9, SerialNo:53658, Key:50101,5(4)(2017-09-26_14-15-28-868)
Save data success. MsgId:9, SerialNo:53662, Key:130101,5(4)(2017-09-26_14-15-28-868)
Save data success. MsgId:9, SerialNo:53666, Key:60101,5(4)(2017-09-26_14-15-28-868)
Save data success. MsgId:9, SerialNo:53670, Key:140101,5(4)(2017-09-26_14-15-28-868)
Save data success. MsgId:9, SerialNo:53674, Key:60101,1(4)(2017-09-26_14-15-28-868)
Save data success. MsgId:9, SerialNo:53678, Key:140101,1(4)(2017-09-26_14-15-28-868)
LoginStep_0 : HandleRequestLogin account 568c44c7583c24111cce747ef3518f72jar:file:///data/app/com.bombrabbit.kingofruin-1/base.apk!/assets, token 5a2e21433be54b599e7fb7d6d8fb8659, gameVersion 0, deviceId 568c44c7583c24111cce747ef3518f72(11)(2017-09-26_14-15-29-850)
LoginStep_1 : HandleVerifyAccount account 568c44c7583c24111cce747ef3518f72jar:file:///data/app/com.bombrabbit.kingofruin-1/base.apk!/assets, token 5a2e21433be54b599e7fb7d6d8fb8659, gameVersion 0, deviceId 568c44c7583c24111cce747ef3518f72(21)(2017-09-26_14-15-29-851)
OnVerifyAccount account 568c44c7583c24111cce747ef3518f72jar:file:///data/app/com.bombrabbit.kingofruin-1/base.apk!/assets(21)(2017-09-26_14-15-29-975)
Save data success. MsgId:9, SerialNo:53681, Key:40101,1(4)(2017-09-26_14-15-34-894)
Save data success. MsgId:9, SerialNo:53685, Key:120101,1(4)(2017-09-26_14-15-34-894)
Save data success. MsgId:9, SerialNo:53689, Key:30101,5(4)(2017-09-26_14-15-34-894)
Save data success. MsgId:9, SerialNo:53693, Key:110101,5(4)(2017-09-26_14-15-34-894)
Save data success. MsgId:9, SerialNo:53697, Key:30101,1(4)(2017-09-26_14-15-34-894)
Save data success. MsgId:9, SerialNo:53701, Key:110101,1(4)(2017-09-26_14-15-34-894)
Save data success. MsgId:9, SerialNo:53705, Key:20101,5(4)(2017-09-26_14-15-34-894)
Save data success. MsgId:9, SerialNo:53709, Key:100101,5(4)(2017-09-26_14-15-34-894)
Save data success. MsgId:9, SerialNo:53680, Key:20101,1(3)(2017-09-26_14-15-34-894)
Save data success. MsgId:9, SerialNo:53684, Key:100101,1(3)(2017-09-26_14-15-34-894)
Save data success. MsgId:9, SerialNo:53688, Key:10101,5(3)(2017-09-26_14-15-34-894)
Save data success. MsgId:9, SerialNo:53692, Key:90101,5(3)(2017-09-26_14-15-34-894)
Save data success. MsgId:9, SerialNo:53696, Key:10101,1(3)(2017-09-26_14-15-34-894)
Save data success. MsgId:9, SerialNo:53700, Key:90101,1(3)(2017-09-26_14-15-34-894)
Save data success. MsgId:14, SerialNo:53704, Key:20170926141534(3)(2017-09-26_14-15-34-894)
Save data success. MsgId:9, SerialNo:53708, Key:80101,5(3)(2017-09-26_14-15-34-894)
Save data success. MsgId:9, SerialNo:53712, Key:160101,5(3)(2017-09-26_14-15-34-894)
Save data success. MsgId:9, SerialNo:53682, Key:60101,1(5)(2017-09-26_14-15-34-894)
Save data success. MsgId:9, SerialNo:53686, Key:140101,1(5)(2017-09-26_14-15-34-895)
Save data success. MsgId:9, SerialNo:53690, Key:50101,5(5)(2017-09-26_14-15-34-895)
Save data success. MsgId:9, SerialNo:53694, Key:130101,5(5)(2017-09-26_14-15-34-895)
Save data success. MsgId:9, SerialNo:53698, Key:50101,1(5)(2017-09-26_14-15-34-895)
Save data success. MsgId:9, SerialNo:53702, Key:130101,1(5)(2017-09-26_14-15-34-895)
Save data success. MsgId:9, SerialNo:53706, Key:40101,5(5)(2017-09-26_14-15-34-895)
Save data success. MsgId:9, SerialNo:53710, Key:120101,5(5)(2017-09-26_14-15-34-895)
Save data success. MsgId:9, SerialNo:53683, Key:80101,1(6)(2017-09-26_14-15-34-895)
Save data success. MsgId:9, SerialNo:53687, Key:160101,1(6)(2017-09-26_14-15-34-895)
Save data success. MsgId:9, SerialNo:53691, Key:70101,5(6)(2017-09-26_14-15-34-895)
Save data success. MsgId:9, SerialNo:53695, Key:150101,5(6)(2017-09-26_14-15-34-895)
Save data success. MsgId:9, SerialNo:53699, Key:70101,1(6)(2017-09-26_14-15-34-895)
Save data success. MsgId:9, SerialNo:53703, Key:150101,1(6)(2017-09-26_14-15-34-895)
Save data success. MsgId:9, SerialNo:53707, Key:60101,5(6)(2017-09-26_14-15-34-895)
Save data success. MsgId:9, SerialNo:53711, Key:140101,5(6)(2017-09-26_14-15-34-895)
Save data success. MsgId:9, SerialNo:53716, Key:70101,5(4)(2017-09-26_14-15-40-913)
Save data success. MsgId:9, SerialNo:53720, Key:150101,5(4)(2017-09-26_14-15-40-913)
Save data success. MsgId:9, SerialNo:53724, Key:70101,1(4)(2017-09-26_14-15-40-913)
Save data success. MsgId:9, SerialNo:53728, Key:150101,1(4)(2017-09-26_14-15-40-913)
Save data success. MsgId:9, SerialNo:53732, Key:60101,1(4)(2017-09-26_14-15-40-913)
Save data success. MsgId:9, SerialNo:53736, Key:140101,1(4)(2017-09-26_14-15-40-913)
Save data success. MsgId:9, SerialNo:53740, Key:60101,5(4)(2017-09-26_14-15-40-913)
Save data success. MsgId:9, SerialNo:53744, Key:140101,5(4)(2017-09-26_14-15-40-913)
Save data success. MsgId:9, SerialNo:53714, Key:30101,5(6)(2017-09-26_14-15-40-913)
Save data success. MsgId:9, SerialNo:53718, Key:110101,5(6)(2017-09-26_14-15-40-913)
Save data success. MsgId:9, SerialNo:53722, Key:30101,1(6)(2017-09-26_14-15-40-913)
Save data success. MsgId:9, SerialNo:53726, Key:110101,1(6)(2017-09-26_14-15-40-913)
Save data success. MsgId:9, SerialNo:53730, Key:20101,1(6)(2017-09-26_14-15-40-913)
Save data success. MsgId:9, SerialNo:53734, Key:100101,1(6)(2017-09-26_14-15-40-913)
Save data success. MsgId:9, SerialNo:53738, Key:20101,5(6)(2017-09-26_14-15-40-914)
Save data success. MsgId:9, SerialNo:53742, Key:100101,5(6)(2017-09-26_14-15-40-914)
Save data success. MsgId:9, SerialNo:53713, Key:10101,5(5)(2017-09-26_14-15-40-914)
Save data success. MsgId:9, SerialNo:53717, Key:90101,5(5)(2017-09-26_14-15-40-914)
Save data success. MsgId:9, SerialNo:53721, Key:10101,1(5)(2017-09-26_14-15-40-914)
Save data success. MsgId:9, SerialNo:53725, Key:90101,1(5)(2017-09-26_14-15-40-914)
Save data success. MsgId:14, SerialNo:53729, Key:20170926141540(5)(2017-09-26_14-15-40-914)
Save data success. MsgId:9, SerialNo:53733, Key:80101,1(5)(2017-09-26_14-15-40-914)
Save data success. MsgId:9, SerialNo:53737, Key:160101,1(5)(2017-09-26_14-15-40-914)
Save data success. MsgId:9, SerialNo:53741, Key:80101,5(5)(2017-09-26_14-15-40-914)
Save data success. MsgId:9, SerialNo:53745, Key:160101,5(5)(2017-09-26_14-15-40-914)
Save data success. MsgId:9, SerialNo:53715, Key:50101,5(3)(2017-09-26_14-15-40-914)
Save data success. MsgId:9, SerialNo:53719, Key:130101,5(3)(2017-09-26_14-15-40-914)
Save data success. MsgId:9, SerialNo:53723, Key:50101,1(3)(2017-09-26_14-15-40-914)
Save data success. MsgId:9, SerialNo:53727, Key:130101,1(3)(2017-09-26_14-15-40-914)
Save data success. MsgId:9, SerialNo:53731, Key:40101,1(3)(2017-09-26_14-15-40-914)
Save data success. MsgId:9, SerialNo:53735, Key:120101,1(3)(2017-09-26_14-15-40-914)
Save data success. MsgId:9, SerialNo:53739, Key:40101,5(3)(2017-09-26_14-15-40-914)
Save data success. MsgId:9, SerialNo:53743, Key:120101,5(3)(2017-09-26_14-15-40-914)
Save data success. MsgId:9, SerialNo:53748, Key:60101,1(5)(2017-09-26_14-15-46-932)
Save data success. MsgId:9, SerialNo:53752, Key:140101,1(5)(2017-09-26_14-15-46-932)
Save data success. MsgId:9, SerialNo:53756, Key:60101,5(5)(2017-09-26_14-15-46-932)
Save data success. MsgId:9, SerialNo:53760, Key:140101,5(5)(2017-09-26_14-15-46-932)
Save data success. MsgId:9, SerialNo:53764, Key:50101,5(5)(2017-09-26_14-15-46-933)
Save data success. MsgId:9, SerialNo:53768, Key:130101,5(5)(2017-09-26_14-15-46-933)
Save data success. MsgId:9, SerialNo:53772, Key:50101,1(5)(2017-09-26_14-15-46-933)
Save data success. MsgId:9, SerialNo:53776, Key:130101,1(5)(2017-09-26_14-15-46-933)
Save data success. MsgId:9, SerialNo:53747, Key:40101,1(4)(2017-09-26_14-15-46-933)
Save data success. MsgId:9, SerialNo:53751, Key:120101,1(4)(2017-09-26_14-15-46-933)
Save data success. MsgId:9, SerialNo:53755, Key:40101,5(4)(2017-09-26_14-15-46-933)
Save data success. MsgId:9, SerialNo:53759, Key:120101,5(4)(2017-09-26_14-15-46-933)
Save data success. MsgId:9, SerialNo:53763, Key:30101,5(4)(2017-09-26_14-15-46-933)
Save data success. MsgId:9, SerialNo:53767, Key:110101,5(4)(2017-09-26_14-15-46-933)
Save data success. MsgId:9, SerialNo:53771, Key:30101,1(4)(2017-09-26_14-15-46-933)
Save data success. MsgId:9, SerialNo:53775, Key:110101,1(4)(2017-09-26_14-15-46-933)
Save data success. MsgId:9, SerialNo:53746, Key:20101,1(3)(2017-09-26_14-15-46-933)
Save data success. MsgId:9, SerialNo:53750, Key:100101,1(3)(2017-09-26_14-15-46-933)
Save data success. MsgId:9, SerialNo:53754, Key:20101,5(3)(2017-09-26_14-15-46-933)
Save data success. MsgId:9, SerialNo:53758, Key:100101,5(3)(2017-09-26_14-15-46-933)
Save data success. MsgId:9, SerialNo:53762, Key:10101,5(3)(2017-09-26_14-15-46-933)
Save data success. MsgId:9, SerialNo:53766, Key:90101,5(3)(2017-09-26_14-15-46-933)
Save data success. MsgId:9, SerialNo:53770, Key:10101,1(3)(2017-09-26_14-15-46-933)
Save data success. MsgId:9, SerialNo:53774, Key:90101,1(3)(2017-09-26_14-15-46-933)
Save data success. MsgId:14, SerialNo:53778, Key:20170926141546(3)(2017-09-26_14-15-46-933)
Save data success. MsgId:9, SerialNo:53749, Key:80101,1(6)(2017-09-26_14-15-46-933)
Save data success. MsgId:9, SerialNo:53753, Key:160101,1(6)(2017-09-26_14-15-46-933)
Save data success. MsgId:9, SerialNo:53757, Key:80101,5(6)(2017-09-26_14-15-46-933)
Save data success. MsgId:9, SerialNo:53761, Key:160101,5(6)(2017-09-26_14-15-46-933)
Save data success. MsgId:9, SerialNo:53765, Key:70101,5(6)(2017-09-26_14-15-46-933)
Save data success. MsgId:9, SerialNo:53769, Key:150101,5(6)(2017-09-26_14-15-46-933)
Save data success. MsgId:9, SerialNo:53773, Key:70101,1(6)(2017-09-26_14-15-46-933)
Save data success. MsgId:9, SerialNo:53777, Key:150101,1(6)(2017-09-26_14-15-46-933)
LoginStep_3 : HandleDirectLogin, account 9baefe3c46d44c27680517ac967f57ec51cb1ca7E:/designer/Branches/Main/Client/Assets, gameVersion 0, deviceId 9baefe3c46d44c27680517ac967f57ec51cb1ca7(11)(2017-09-26_14-15-47-417)
LoginStep_3_C : HandleDirectLogin, Account Online, account 9baefe3c46d44c27680517ac967f57ec51cb1ca7E:/designer/Branches/Main/Client/Assets, gameVersion 0, deviceId 9baefe3c46d44c27680517ac967f57ec51cb1ca7(11)(2017-09-26_14-15-47-417)
LoginStep_4 : AccountLogin success, notify client login result, LoadAccount, account 9baefe3c46d44c27680517ac967f57ec51cb1ca7E:/designer/Branches/Main/Client/Assets, gameVersion 0, deviceId 9baefe3c46d44c27680517ac967f57ec51cb1ca7(11)(2017-09-26_14-15-47-417)
LoginStep_5_2 : handle role enter accountkey 9baefe3c46d44c27680517ac967f57ec51cb1ca7E:/designer/Branches/Main/Client/Assets, guid 70101(11)(2017-09-26_14-15-47-511)
LoginStep_5_2_C : handle role enter user still on line, accountkey 9baefe3c46d44c27680517ac967f57ec51cb1ca7E:/designer/Branches/Main/Client/Assets, guid 70101(11)(2017-09-26_14-15-47-511)
9/26/2017 2:15:49 PM[Info]:[101] AddNameHandle:DatabaseServer->8(1)(2017-09-26_14-15-49-327)
9/26/2017 2:15:49 PM[Info]:[101] AddNameHandle:Lobby->9(1)(2017-09-26_14-15-49-327)
9/26/2017 2:15:49 PM[Info]:[101] AddNameHandle:BattleServer->10(1)(2017-09-26_14-15-49-327)
Save data success. MsgId:9, SerialNo:53780, Key:40101,5(6)(2017-09-26_14-15-52-951)
Save data success. MsgId:9, SerialNo:53784, Key:120101,5(6)(2017-09-26_14-15-52-951)
Save data success. MsgId:9, SerialNo:53788, Key:40101,1(6)(2017-09-26_14-15-52-951)
Save data success. MsgId:9, SerialNo:53792, Key:120101,1(6)(2017-09-26_14-15-52-951)
Save data success. MsgId:9, SerialNo:53796, Key:30101,1(6)(2017-09-26_14-15-52-951)
Save data success. MsgId:9, SerialNo:53800, Key:110101,1(6)(2017-09-26_14-15-52-951)
Save data success. MsgId:9, SerialNo:53804, Key:10101,5(6)(2017-09-26_14-15-52-951)
Save data success. MsgId:9, SerialNo:53808, Key:90101,5(6)(2017-09-26_14-15-52-951)
Save data success. MsgId:9, SerialNo:53782, Key:80101,5(4)(2017-09-26_14-15-52-951)
Save data success. MsgId:9, SerialNo:53786, Key:160101,5(4)(2017-09-26_14-15-52-951)
Save data success. MsgId:9, SerialNo:53790, Key:80101,1(4)(2017-09-26_14-15-52-951)
Save data success. MsgId:9, SerialNo:53794, Key:160101,1(4)(2017-09-26_14-15-52-951)
Save data success. MsgId:9, SerialNo:53798, Key:70101,1(4)(2017-09-26_14-15-52-951)
Save data success. MsgId:9, SerialNo:53802, Key:150101,1(4)(2017-09-26_14-15-52-951)
Save data success. MsgId:9, SerialNo:53806, Key:50101,5(4)(2017-09-26_14-15-52-951)
Save data success. MsgId:9, SerialNo:53810, Key:130101,5(4)(2017-09-26_14-15-52-951)
Save data success. MsgId:9, SerialNo:53779, Key:20101,5(5)(2017-09-26_14-15-52-951)
Save data success. MsgId:9, SerialNo:53783, Key:100101,5(5)(2017-09-26_14-15-52-951)
Save data success. MsgId:9, SerialNo:53787, Key:20101,1(5)(2017-09-26_14-15-52-951)
Save data success. MsgId:9, SerialNo:53791, Key:100101,1(5)(2017-09-26_14-15-52-951)
Save data success. MsgId:9, SerialNo:53795, Key:10101,1(5)(2017-09-26_14-15-52-951)
Save data success. MsgId:9, SerialNo:53799, Key:90101,1(5)(2017-09-26_14-15-52-951)
Save data success. MsgId:14, SerialNo:53803, Key:20170926141552(5)(2017-09-26_14-15-52-951)
Save data success. MsgId:9, SerialNo:53807, Key:70101,5(5)(2017-09-26_14-15-52-951)
Save data success. MsgId:9, SerialNo:53811, Key:150101,5(5)(2017-09-26_14-15-52-951)
Save data success. MsgId:9, SerialNo:53781, Key:60101,5(3)(2017-09-26_14-15-52-951)
Save data success. MsgId:9, SerialNo:53785, Key:140101,5(3)(2017-09-26_14-15-52-951)
Save data success. MsgId:9, SerialNo:53789, Key:60101,1(3)(2017-09-26_14-15-52-951)
Save data success. MsgId:9, SerialNo:53793, Key:140101,1(3)(2017-09-26_14-15-52-951)
Save data success. MsgId:9, SerialNo:53797, Key:50101,1(3)(2017-09-26_14-15-52-951)
Save data success. MsgId:9, SerialNo:53801, Key:130101,1(3)(2017-09-26_14-15-52-951)
Save data success. MsgId:9, SerialNo:53805, Key:30101,5(3)(2017-09-26_14-15-52-951)
Save data success. MsgId:9, SerialNo:53809, Key:110101,5(3)(2017-09-26_14-15-52-951)
DataStoreThread.DispatchActionQueue ThreadActionQueue 3 ActionPool DashFire.ServerConcurrentObjectPool`1[DashFire.ServerConcurrentPoolAllocatedAction`1[ServerMessage.Msg_Lobby2DataBase_Save]] buffered 8 objects(20)(2017-09-26_14-15-55-224)
DataStoreThread.DispatchActionQueue ThreadActionQueue 3 ActionPool DashFire.ServerConcurrentObjectPool`1[DashFire.ServerConcurrentPoolAllocatedAction`3[System.Int32,System.UInt32,System.Byte[]]] buffered 9 objects(20)(2017-09-26_14-15-55-224)
DataStoreThread.DispatchActionQueue ThreadActionQueue 4 ActionPool DashFire.ServerConcurrentObjectPool`1[DashFire.ServerConcurrentPoolAllocatedAction`1[DashFire.LoadUserAccount]] buffered 1 objects(20)(2017-09-26_14-15-55-224)
DataStoreThread.DispatchActionQueue ThreadActionQueue 4 ActionPool DashFire.ServerConcurrentObjectPool`1[DashFire.ServerConcurrentPoolAllocatedAction`1[ServerMessage.Msg_Lobby2DataBase_Save]] buffered 9 objects(20)(2017-09-26_14-15-55-224)
DataStoreThread.DispatchActionQueue ThreadActionQueue 4 ActionPool DashFire.ServerConcurrentObjectPool`1[DashFire.ServerConcurrentPoolAllocatedAction`3[System.Int32,System.UInt32,System.Byte[]]] buffered 8 objects(20)(2017-09-26_14-15-55-224)
DataStoreThread.DispatchActionQueue ThreadActionQueue 4 ActionPool DashFire.ServerConcurrentObjectPool`1[DashFire.ServerConcurrentPoolAllocatedAction`1[DashFire.LoadUserData]] buffered 1 objects(20)(2017-09-26_14-15-55-224)
DataStoreThread.DispatchActionQueue ThreadActionQueue 5 ActionPool DashFire.ServerConcurrentObjectPool`1[DashFire.ServerConcurrentPoolAllocatedAction`1[ServerMessage.Msg_Lobby2DataBase_Save]] buffered 8 objects(20)(2017-09-26_14-15-55-224)
DataStoreThread.DispatchActionQueue ThreadActionQueue 5 ActionPool DashFire.ServerConcurrentObjectPool`1[DashFire.ServerConcurrentPoolAllocatedAction`3[System.Int32,System.UInt32,System.Byte[]]] buffered 9 objects(20)(2017-09-26_14-15-55-224)
DataStoreThread.DispatchActionQueue ThreadActionQueue 6 ActionPool DashFire.ServerConcurrentObjectPool`1[DashFire.ServerConcurrentPoolAllocatedAction`1[DashFire.LoadUserAccount]] buffered 1 objects(20)(2017-09-26_14-15-55-224)
DataStoreThread.DispatchActionQueue ThreadActionQueue 6 ActionPool DashFire.ServerConcurrentObjectPool`1[DashFire.ServerConcurrentPoolAllocatedAction`1[ServerMessage.Msg_Lobby2DataBase_Save]] buffered 9 objects(20)(2017-09-26_14-15-55-224)
DataStoreThread.DispatchActionQueue ThreadActionQueue 6 ActionPool DashFire.ServerConcurrentObjectPool`1[DashFire.ServerConcurrentPoolAllocatedAction`3[System.Int32,System.UInt32,System.Byte[]]] buffered 8 objects(20)(2017-09-26_14-15-55-224)
DataStoreThread.DispatchActionQueue ThreadActionQueue 6 ActionPool DashFire.ServerConcurrentObjectPool`1[DashFire.ServerConcurrentPoolAllocatedAction`1[DashFire.LoadUserData]] buffered 1 objects(20)(2017-09-26_14-15-55-224)
MatchThread.ActionQueue ActionPool DashFire.ServerConcurrentObjectPool`1[DashFire.ServerConcurrentPoolAllocatedAction`4[System.UInt64,System.Int32,System.Int32,System.UInt64]] buffered 1 objects(22)(2017-09-26_14-15-55-242)
MatchThread.ActionQueue ActionPool DashFire.ServerConcurrentObjectPool`1[DashFire.ServerConcurrentPoolAllocatedAction`3[System.UInt64,System.Int32,System.Int32]] buffered 1 objects(22)(2017-09-26_14-15-55-242)
MatchThread.ActionQueue ActionPool DashFire.ServerConcurrentObjectPool`1[DashFire.ServerConcurrentPoolAllocatedAction`2[System.UInt64,System.Int32]] buffered 1 objects(22)(2017-09-26_14-15-55-242)
MatchThread.ActionQueue ActionPool DashFire.ServerConcurrentObjectPool`1[DashFire.ServerConcurrentPoolAllocatedAction`1[System.UInt64]] buffered 1 objects(22)(2017-09-26_14-15-55-242)
MatchThread.ActionQueue ActionPool DashFire.ServerConcurrentObjectPool`1[DashFire.ServerConcurrentPoolAllocatedAction`4[System.Boolean,System.Int32,System.Int32,System.Collections.Generic.List`1[ServerMessage.Msg_User]]] buffered 1 objects(22)(2017-09-26_14-15-55-243)
MatchThread.ActionQueue ActionPool DashFire.ServerConcurrentObjectPool`1[DashFire.ServerConcurrentPoolAllocatedAction`3[System.Int32,System.UInt64,System.Boolean]] buffered 1 objects(22)(2017-09-26_14-15-55-243)
GlobalDataProcessThread.ActionQueue ActionPool DashFire.ServerConcurrentObjectPool`1[DashFire.ServerConcurrentPoolAllocatedAction`2[System.UInt64,MobaGame.Network.ServerPeer]] buffered 2 objects(9)(2017-09-26_14-15-55-273)
GlobalDataProcessThread.ActionQueue ActionPool DashFire.ServerConcurrentObjectPool`1[DashFire.ServerConcurrentPoolAllocatedAction`3[System.UInt64,System.Int32,System.Int32]] buffered 1 objects(9)(2017-09-26_14-15-55-273)
GlobalDataProcessThread.ActionQueue ActionPool DashFire.ServerConcurrentObjectPool`1[DashFire.ServerConcurrentPoolAllocatedAction`2[System.UInt64,System.Int32]] buffered 5 objects(9)(2017-09-26_14-15-55-273)
GlobalDataProcessThread.ActionQueue ActionPool DashFire.ServerConcurrentObjectPool`1[DashFire.ServerConcurrentPoolAllocatedAction`1[System.UInt64]] buffered 1 objects(9)(2017-09-26_14-15-55-273)
DataProcessScheduler.DataLogicThread 0 DispatchActionQueue ActionPool DashFire.ServerConcurrentObjectPool`1[DashFire.ServerConcurrentPoolAllocatedAction`2[System.UInt64,ServerMessage.Msg_Battle2Lobby_BattleFinish+BattleResultEnum]] buffered 1 objects(10)(2017-09-26_14-15-55-357)
DataProcessScheduler.DataLogicThread 0 DispatchActionQueue ActionPool DashFire.ServerConcurrentObjectPool`1[DashFire.ServerConcurrentPoolAllocatedAction`1[System.UInt64]] buffered 1 objects(10)(2017-09-26_14-15-55-357)
DataProcessScheduler.DataLogicThread 1 DispatchActionQueue ActionPool DashFire.ServerConcurrentObjectPool`1[DashFire.ServerConcurrentPoolAllocatedAction`2[System.UInt64,System.UInt64]] buffered 1 objects(10)(2017-09-26_14-15-55-357)
DataProcessScheduler.DataLogicThread 1 DispatchActionQueue ActionPool DashFire.ServerConcurrentObjectPool`1[DashFire.ServerConcurrentPoolAllocatedAction`4[System.UInt64,System.Collections.Generic.List`1[ServerMessage.Msg_PlayerCombatData],System.Boolean,System.Collections.Generic.List`1[System.UInt64]]] buffered 1 objects(10)(2017-09-26_14-15-55-357)
DataProcessScheduler.DataLogicThread 1 DispatchActionQueue ActionPool DashFire.ServerConcurrentObjectPool`1[DashFire.ServerConcurrentPoolAllocatedAction`2[System.UInt64,System.Collections.Generic.List`1[ClientLobbyCSharpMessage.Msg_PlayerCombatSettlementData]]] buffered 1 objects(10)(2017-09-26_14-15-55-357)
DataProcessScheduler.DataLogicThread 1 DispatchActionQueue ActionPool DashFire.ServerConcurrentObjectPool`1[DashFire.ServerConcurrentPoolAllocatedAction`1[System.UInt64]] buffered 3 objects(10)(2017-09-26_14-15-55-357)
DataProcessScheduler.DataLogicThread 1 DispatchActionQueue ActionPool DashFire.ServerConcurrentObjectPool`1[DashFire.ServerConcurrentPoolAllocatedAction`3[System.UInt64,System.Boolean,System.UInt64]] buffered 1 objects(10)(2017-09-26_14-15-55-357)
DataProcessScheduler.DataLogicThread 2 DispatchActionQueue ActionPool DashFire.ServerConcurrentObjectPool`1[DashFire.ServerConcurrentPoolAllocatedAction`2[System.String,System.UInt64]] buffered 1 objects(10)(2017-09-26_14-15-55-357)
DataProcessScheduler.DataLogicThread 2 DispatchActionQueue ActionPool DashFire.ServerConcurrentObjectPool`1[DashFire.ServerConcurrentPoolAllocatedAction`4[System.UInt64,System.Collections.Generic.List`1[ServerMessage.Msg_PlayerCombatData],System.Boolean,System.Collections.Generic.List`1[System.UInt64]]] buffered 1 objects(10)(2017-09-26_14-15-55-358)
DataProcessScheduler.DataLogicThread 2 DispatchActionQueue ActionPool DashFire.ServerConcurrentObjectPool`1[DashFire.ServerConcurrentPoolAllocatedAction`2[System.UInt64,System.Collections.Generic.List`1[ClientLobbyCSharpMessage.Msg_PlayerCombatSettlementData]]] buffered 1 objects(10)(2017-09-26_14-15-55-358)
DataProcessScheduler.DataLogicThread 2 DispatchActionQueue ActionPool DashFire.ServerConcurrentObjectPool`1[DashFire.ServerConcurrentPoolAllocatedAction`1[System.UInt64]] buffered 2 objects(10)(2017-09-26_14-15-55-358)
DataProcessScheduler.DataLogicThread 2 DispatchActionQueue ActionPool DashFire.ServerConcurrentObjectPool`1[DashFire.ServerConcurrentPoolAllocatedAction`3[System.UInt64,System.String,System.UInt64]] buffered 1 objects(10)(2017-09-26_14-15-55-358)
DataProcessScheduler.DataLogicThread 3 DispatchActionQueue ActionPool DashFire.ServerConcurrentObjectPool`1[DashFire.ServerConcurrentPoolAllocatedAction`2[System.UInt64,System.UInt64]] buffered 1 objects(10)(2017-09-26_14-15-55-358)
DataProcessScheduler.DataLogicThread 3 DispatchActionQueue ActionPool DashFire.ServerConcurrentObjectPool`1[DashFire.ServerConcurrentPoolAllocatedAction`2[System.String,System.UInt64]] buffered 1 objects(10)(2017-09-26_14-15-55-358)
DataProcessScheduler.DataLogicThread 3 DispatchActionQueue ActionPool DashFire.ServerConcurrentObjectPool`1[DashFire.ServerConcurrentPoolAllocatedAction`4[System.UInt64,System.Collections.Generic.List`1[ServerMessage.Msg_PlayerCombatData],System.Boolean,System.Collections.Generic.List`1[System.UInt64]]] buffered 1 objects(10)(2017-09-26_14-15-55-358)
DataProcessScheduler.DataLogicThread 3 DispatchActionQueue ActionPool DashFire.ServerConcurrentObjectPool`1[DashFire.ServerConcurrentPoolAllocatedAction`2[System.UInt64,System.Collections.Generic.List`1[ClientLobbyCSharpMessage.Msg_PlayerCombatSettlementData]]] buffered 1 objects(10)(2017-09-26_14-15-55-358)
DataProcessScheduler.DataLogicThread 3 DispatchActionQueue ActionPool DashFire.ServerConcurrentObjectPool`1[DashFire.ServerConcurrentPoolAllocatedAction`1[System.UInt64]] buffered 3 objects(10)(2017-09-26_14-15-55-358)
DataProcessScheduler.DataLogicThread 3 DispatchActionQueue ActionPool DashFire.ServerConcurrentObjectPool`1[DashFire.ServerConcurrentPoolAllocatedAction`3[System.UInt64,System.String,System.UInt64]] buffered 1 objects(10)(2017-09-26_14-15-55-358)
DataProcessScheduler.DataLogicThread 4 DispatchActionQueue ActionPool DashFire.ServerConcurrentObjectPool`1[DashFire.ServerConcurrentPoolAllocatedAction`2[System.UInt64,System.UInt64]] buffered 1 objects(10)(2017-09-26_14-15-55-358)
DataProcessScheduler.DataLogicThread 4 DispatchActionQueue ActionPool DashFire.ServerConcurrentObjectPool`1[DashFire.ServerConcurrentPoolAllocatedAction`3[System.UInt64,System.UInt64,System.Int32]] buffered 1 objects(10)(2017-09-26_14-15-55-358)
DataProcessScheduler.DataLogicThread 4 DispatchActionQueue ActionPool DashFire.ServerConcurrentObjectPool`1[DashFire.ServerConcurrentPoolAllocatedAction`4[System.UInt64,System.Collections.Generic.List`1[ServerMessage.Msg_PlayerCombatData],System.Boolean,System.Collections.Generic.List`1[System.UInt64]]] buffered 1 objects(10)(2017-09-26_14-15-55-358)
DataProcessScheduler.DataLogicThread 4 DispatchActionQueue ActionPool DashFire.ServerConcurrentObjectPool`1[DashFire.ServerConcurrentPoolAllocatedAction`2[System.UInt64,System.Collections.Generic.List`1[ClientLobbyCSharpMessage.Msg_PlayerCombatSettlementData]]] buffered 1 objects(10)(2017-09-26_14-15-55-358)
DataProcessScheduler.DataLogicThread 4 DispatchActionQueue ActionPool DashFire.ServerConcurrentObjectPool`1[DashFire.ServerConcurrentPoolAllocatedAction`1[System.UInt64]] buffered 2 objects(10)(2017-09-26_14-15-55-358)
DataProcessScheduler.DataLogicThread 4 DispatchActionQueue ActionPool DashFire.ServerConcurrentObjectPool`1[DashFire.ServerConcurrentPoolAllocatedAction`3[System.UInt64,System.Boolean,System.UInt64]] buffered 1 objects(10)(2017-09-26_14-15-55-358)
DataProcessScheduler.DataLogicThread 5 DispatchActionQueue ActionPool DashFire.ServerConcurrentObjectPool`1[DashFire.ServerConcurrentPoolAllocatedAction`4[System.UInt64,System.Collections.Generic.List`1[ServerMessage.Msg_PlayerCombatData],System.Boolean,System.Collections.Generic.List`1[System.UInt64]]] buffered 1 objects(10)(2017-09-26_14-15-55-358)
DataProcessScheduler.DataLogicThread 5 DispatchActionQueue ActionPool DashFire.ServerConcurrentObjectPool`1[DashFire.ServerConcurrentPoolAllocatedAction`2[System.UInt64,System.Collections.Generic.List`1[ClientLobbyCSharpMessage.Msg_PlayerCombatSettlementData]]] buffered 1 objects(10)(2017-09-26_14-15-55-358)
DataProcessScheduler.DataLogicThread 5 DispatchActionQueue ActionPool DashFire.ServerConcurrentObjectPool`1[DashFire.ServerConcurrentPoolAllocatedAction`2[System.UInt64,System.Int32]] buffered 1 objects(10)(2017-09-26_14-15-55-358)
DataProcessScheduler.DataLogicThread 5 DispatchActionQueue ActionPool DashFire.ServerConcurrentObjectPool`1[DashFire.ServerConcurrentPoolAllocatedAction`1[System.UInt64]] buffered 3 objects(10)(2017-09-26_14-15-55-358)
DataProcessScheduler.DataLogicThread 6 DispatchActionQueue ActionPool DashFire.ServerConcurrentObjectPool`1[DashFire.ServerConcurrentPoolAllocatedAction`2[System.UInt64,System.Collections.Generic.List`1[ClientLobbyCSharpMessage.Msg_PlayerCombatSettlementData]]] buffered 1 objects(10)(2017-09-26_14-15-55-358)
DataProcessScheduler.DataLogicThread 6 DispatchActionQueue ActionPool DashFire.ServerConcurrentObjectPool`1[DashFire.ServerConcurrentPoolAllocatedAction`1[System.UInt64]] buffered 1 objects(10)(2017-09-26_14-15-55-358)
DataProcessScheduler.DataLogicThread 7 DispatchActionQueue ActionPool DashFire.ServerConcurrentObjectPool`1[DashFire.ServerConcurrentPoolAllocatedAction`2[System.UInt64,System.UInt64]] buffered 1 objects(10)(2017-09-26_14-15-55-358)
DataProcessScheduler.DataLogicThread 7 DispatchActionQueue ActionPool DashFire.ServerConcurrentObjectPool`1[DashFire.ServerConcurrentPoolAllocatedAction`3[System.UInt64,System.UInt64,System.Int32]] buffered 1 objects(10)(2017-09-26_14-15-55-358)
DataProcessScheduler.DataLogicThread 7 DispatchActionQueue ActionPool DashFire.ServerConcurrentObjectPool`1[DashFire.ServerConcurrentPoolAllocatedAction`2[System.String,System.UInt64]] buffered 1 objects(10)(2017-09-26_14-15-55-358)
DataProcessScheduler.DataLogicThread 7 DispatchActionQueue ActionPool DashFire.ServerConcurrentObjectPool`1[DashFire.ServerConcurrentPoolAllocatedAction`4[System.UInt64,System.Collections.Generic.List`1[ServerMessage.Msg_PlayerCombatData],System.Boolean,System.Collections.Generic.List`1[System.UInt64]]] buffered 1 objects(10)(2017-09-26_14-15-55-358)
DataProcessScheduler.DataLogicThread 7 DispatchActionQueue ActionPool DashFire.ServerConcurrentObjectPool`1[DashFire.ServerConcurrentPoolAllocatedAction`2[System.UInt64,System.Collections.Generic.List`1[ClientLobbyCSharpMessage.Msg_PlayerCombatSettlementData]]] buffered 1 objects(10)(2017-09-26_14-15-55-358)
DataProcessScheduler.DataLogicThread 7 DispatchActionQueue ActionPool DashFire.ServerConcurrentObjectPool`1[DashFire.ServerConcurrentPoolAllocatedAction`3[System.UInt64,System.Int32,System.String]] buffered 1 objects(10)(2017-09-26_14-15-55-358)
DataProcessScheduler.DataLogicThread 7 DispatchActionQueue ActionPool DashFire.ServerConcurrentObjectPool`1[DashFire.ServerConcurrentPoolAllocatedAction`2[System.UInt64,System.Int32]] buffered 1 objects(10)(2017-09-26_14-15-55-358)
DataProcessScheduler.DataLogicThread 7 DispatchActionQueue ActionPool DashFire.ServerConcurrentObjectPool`1[DashFire.ServerConcurrentPoolAllocatedAction`1[System.UInt64]] buffered 3 objects(10)(2017-09-26_14-15-55-358)
DataProcessScheduler.DataLogicThread 7 DispatchActionQueue ActionPool DashFire.ServerConcurrentObjectPool`1[DashFire.ServerConcurrentPoolAllocatedAction`3[System.UInt64,System.String,System.UInt64]] buffered 1 objects(10)(2017-09-26_14-15-55-358)
DataProcessScheduler.WrapThread ThreadActionQueue ActionPool DashFire.ServerConcurrentObjectPool`1[DashFire.ServerConcurrentPoolAllocatedAction`1[System.UInt64]] buffered 1 objects(10)(2017-09-26_14-15-55-358)
User Online, Save user 60101...(14)(2017-09-26_14-15-57-076)
User Online, Save user 20101...(17)(2017-09-26_14-15-58-728)
Save data success. MsgId:5, SerialNo:53812, Key:20101(3)(2017-09-26_14-15-58-758)
Save data success. MsgId:9, SerialNo:53813, Key:10101,1(5)(2017-09-26_14-15-58-970)
Save data success. MsgId:9, SerialNo:53817, Key:80101,5(5)(2017-09-26_14-15-58-970)
Save data success. MsgId:9, SerialNo:53821, Key:160101,5(5)(2017-09-26_14-15-58-970)
Save data success. MsgId:9, SerialNo:53825, Key:70101,5(5)(2017-09-26_14-15-58-970)
Save data success. MsgId:9, SerialNo:53829, Key:150101,5(5)(2017-09-26_14-15-58-970)
Save data success. MsgId:9, SerialNo:53833, Key:80101,1(5)(2017-09-26_14-15-58-970)
Save data success. MsgId:9, SerialNo:53837, Key:160101,1(5)(2017-09-26_14-15-58-970)
Save data success. MsgId:9, SerialNo:53841, Key:90101,1(5)(2017-09-26_14-15-58-970)
Save data success. MsgId:14, SerialNo:53845, Key:20170926141558(5)(2017-09-26_14-15-58-970)
Save data success. MsgId:9, SerialNo:53814, Key:20101,5(6)(2017-09-26_14-15-58-970)
Save data success. MsgId:9, SerialNo:53818, Key:100101,5(6)(2017-09-26_14-15-58-970)
Save data success. MsgId:9, SerialNo:53822, Key:10101,5(6)(2017-09-26_14-15-58-970)
Save data success. MsgId:9, SerialNo:53826, Key:90101,5(6)(2017-09-26_14-15-58-970)
Save data success. MsgId:9, SerialNo:53830, Key:20101,1(6)(2017-09-26_14-15-58-970)
Save data success. MsgId:9, SerialNo:53834, Key:100101,1(6)(2017-09-26_14-15-58-970)
Save data success. MsgId:9, SerialNo:53838, Key:30101,1(6)(2017-09-26_14-15-58-970)
Save data success. MsgId:9, SerialNo:53842, Key:110101,1(6)(2017-09-26_14-15-58-970)
Save data success. MsgId:9, SerialNo:53815, Key:40101,5(3)(2017-09-26_14-15-58-970)
Save data success. MsgId:9, SerialNo:53819, Key:120101,5(3)(2017-09-26_14-15-58-970)
Save data success. MsgId:9, SerialNo:53823, Key:30101,5(3)(2017-09-26_14-15-58-970)
Save data success. MsgId:9, SerialNo:53827, Key:110101,5(3)(2017-09-26_14-15-58-970)
Save data success. MsgId:9, SerialNo:53831, Key:40101,1(3)(2017-09-26_14-15-58-970)
Save data success. MsgId:9, SerialNo:53835, Key:120101,1(3)(2017-09-26_14-15-58-970)
Save data success. MsgId:9, SerialNo:53839, Key:50101,1(3)(2017-09-26_14-15-58-970)
Save data success. MsgId:9, SerialNo:53843, Key:130101,1(3)(2017-09-26_14-15-58-970)
Save data success. MsgId:9, SerialNo:53816, Key:60101,5(4)(2017-09-26_14-15-58-970)
Save data success. MsgId:9, SerialNo:53820, Key:140101,5(4)(2017-09-26_14-15-58-970)
Save data success. MsgId:9, SerialNo:53824, Key:50101,5(4)(2017-09-26_14-15-58-970)
Save data success. MsgId:9, SerialNo:53828, Key:130101,5(4)(2017-09-26_14-15-58-970)
Save data success. MsgId:9, SerialNo:53832, Key:60101,1(4)(2017-09-26_14-15-58-970)
Save data success. MsgId:9, SerialNo:53836, Key:140101,1(4)(2017-09-26_14-15-58-970)
Save data success. MsgId:9, SerialNo:53840, Key:70101,1(4)(2017-09-26_14-15-58-970)
Save data success. MsgId:9, SerialNo:53844, Key:150101,1(4)(2017-09-26_14-15-58-970)
Save data success. MsgId:9, SerialNo:53849, Key:80101,1(6)(2017-09-26_14-16-04-980)
Save data success. MsgId:9, SerialNo:53853, Key:160101,1(6)(2017-09-26_14-16-04-980)
Save data success. MsgId:9, SerialNo:53857, Key:70101,1(6)(2017-09-26_14-16-04-980)
Save data success. MsgId:9, SerialNo:53861, Key:150101,1(6)(2017-09-26_14-16-04-980)
Save data success. MsgId:9, SerialNo:53865, Key:60101,5(6)(2017-09-26_14-16-04-980)
Save data success. MsgId:9, SerialNo:53869, Key:140101,5(6)(2017-09-26_14-16-04-980)
Save data success. MsgId:9, SerialNo:53873, Key:50101,5(6)(2017-09-26_14-16-04-980)
Save data success. MsgId:9, SerialNo:53877, Key:130101,5(6)(2017-09-26_14-16-04-980)
Save data success. MsgId:9, SerialNo:53848, Key:60101,1(5)(2017-09-26_14-16-04-980)
Save data success. MsgId:9, SerialNo:53852, Key:140101,1(5)(2017-09-26_14-16-04-980)
Save data success. MsgId:9, SerialNo:53856, Key:50101,1(5)(2017-09-26_14-16-04-980)
Save data success. MsgId:9, SerialNo:53860, Key:130101,1(5)(2017-09-26_14-16-04-980)
Save data success. MsgId:9, SerialNo:53864, Key:40101,5(5)(2017-09-26_14-16-04-980)
Save data success. MsgId:9, SerialNo:53868, Key:120101,5(5)(2017-09-26_14-16-04-980)
Save data success. MsgId:9, SerialNo:53872, Key:30101,5(5)(2017-09-26_14-16-04-980)
Save data success. MsgId:9, SerialNo:53876, Key:110101,5(5)(2017-09-26_14-16-04-980)
Save data success. MsgId:9, SerialNo:53847, Key:40101,1(4)(2017-09-26_14-16-04-980)
Save data success. MsgId:9, SerialNo:53851, Key:120101,1(4)(2017-09-26_14-16-04-980)
Save data success. MsgId:9, SerialNo:53855, Key:30101,1(4)(2017-09-26_14-16-04-980)
Save data success. MsgId:9, SerialNo:53859, Key:110101,1(4)(2017-09-26_14-16-04-980)
Save data success. MsgId:9, SerialNo:53863, Key:20101,5(4)(2017-09-26_14-16-04-980)
Save data success. MsgId:9, SerialNo:53867, Key:100101,5(4)(2017-09-26_14-16-04-980)
Save data success. MsgId:9, SerialNo:53871, Key:10101,5(4)(2017-09-26_14-16-04-980)
Save data success. MsgId:9, SerialNo:53875, Key:90101,5(4)(2017-09-26_14-16-04-980)
Save data success. MsgId:9, SerialNo:53846, Key:20101,1(3)(2017-09-26_14-16-04-980)
Save data success. MsgId:9, SerialNo:53850, Key:100101,1(3)(2017-09-26_14-16-04-980)
Save data success. MsgId:9, SerialNo:53854, Key:10101,1(3)(2017-09-26_14-16-04-980)
Save data success. MsgId:9, SerialNo:53858, Key:90101,1(3)(2017-09-26_14-16-04-980)
Save data success. MsgId:14, SerialNo:53862, Key:20170926141604(3)(2017-09-26_14-16-04-980)
Save data success. MsgId:9, SerialNo:53866, Key:80101,5(3)(2017-09-26_14-16-04-980)
Save data success. MsgId:9, SerialNo:53870, Key:160101,5(3)(2017-09-26_14-16-04-980)
Save data success. MsgId:9, SerialNo:53874, Key:70101,5(3)(2017-09-26_14-16-04-980)
Save data success. MsgId:9, SerialNo:53878, Key:150101,5(3)(2017-09-26_14-16-04-980)
User Online, Save user 40101...(16)(2017-09-26_14-16-09-136)
Save data success. MsgId:9, SerialNo:53880, Key:40101,5(6)(2017-09-26_14-16-11-000)
Save data success. MsgId:9, SerialNo:53884, Key:120101,5(6)(2017-09-26_14-16-11-000)
Save data success. MsgId:9, SerialNo:53888, Key:30101,5(6)(2017-09-26_14-16-11-000)
Save data success. MsgId:9, SerialNo:53892, Key:110101,5(6)(2017-09-26_14-16-11-000)
Save data success. MsgId:9, SerialNo:53896, Key:30101,1(6)(2017-09-26_14-16-11-000)
Save data success. MsgId:9, SerialNo:53900, Key:110101,1(6)(2017-09-26_14-16-11-000)
Save data success. MsgId:9, SerialNo:53904, Key:20101,1(6)(2017-09-26_14-16-11-000)
Save data success. MsgId:9, SerialNo:53908, Key:100101,1(6)(2017-09-26_14-16-11-000)
Save data success. MsgId:9, SerialNo:53881, Key:60101,5(3)(2017-09-26_14-16-11-000)
Save data success. MsgId:9, SerialNo:53885, Key:140101,5(3)(2017-09-26_14-16-11-000)
Save data success. MsgId:9, SerialNo:53889, Key:50101,5(3)(2017-09-26_14-16-11-000)
Save data success. MsgId:9, SerialNo:53893, Key:130101,5(3)(2017-09-26_14-16-11-000)
Save data success. MsgId:9, SerialNo:53897, Key:50101,1(3)(2017-09-26_14-16-11-000)
Save data success. MsgId:9, SerialNo:53901, Key:130101,1(3)(2017-09-26_14-16-11-000)
Save data success. MsgId:9, SerialNo:53905, Key:40101,1(3)(2017-09-26_14-16-11-000)
Save data success. MsgId:9, SerialNo:53909, Key:120101,1(3)(2017-09-26_14-16-11-000)
Save data success. MsgId:9, SerialNo:53882, Key:80101,5(4)(2017-09-26_14-16-11-000)
Save data success. MsgId:9, SerialNo:53886, Key:160101,5(4)(2017-09-26_14-16-11-000)
Save data success. MsgId:9, SerialNo:53890, Key:70101,5(4)(2017-09-26_14-16-11-000)
Save data success. MsgId:9, SerialNo:53894, Key:150101,5(4)(2017-09-26_14-16-11-000)
Save data success. MsgId:9, SerialNo:53898, Key:70101,1(4)(2017-09-26_14-16-11-000)
Save data success. MsgId:9, SerialNo:53902, Key:150101,1(4)(2017-09-26_14-16-11-000)
Save data success. MsgId:9, SerialNo:53906, Key:60101,1(4)(2017-09-26_14-16-11-000)
Save data success. MsgId:9, SerialNo:53910, Key:140101,1(4)(2017-09-26_14-16-11-000)
Save data success. MsgId:9, SerialNo:53879, Key:20101,5(5)(2017-09-26_14-16-11-000)
Save data success. MsgId:9, SerialNo:53883, Key:100101,5(5)(2017-09-26_14-16-11-000)
Save data success. MsgId:9, SerialNo:53887, Key:10101,5(5)(2017-09-26_14-16-11-000)
Save data success. MsgId:9, SerialNo:53891, Key:90101,5(5)(2017-09-26_14-16-11-000)
Save data success. MsgId:9, SerialNo:53895, Key:10101,1(5)(2017-09-26_14-16-11-000)
Save data success. MsgId:9, SerialNo:53899, Key:90101,1(5)(2017-09-26_14-16-11-000)
Save data success. MsgId:14, SerialNo:53903, Key:20170926141610(5)(2017-09-26_14-16-11-000)
Save data success. MsgId:9, SerialNo:53907, Key:80101,1(5)(2017-09-26_14-16-11-000)
Save data success. MsgId:9, SerialNo:53911, Key:160101,1(5)(2017-09-26_14-16-11-001)
Save data success. MsgId:9, SerialNo:53913, Key:30101,5(4)(2017-09-26_14-16-17-018)
Save data success. MsgId:9, SerialNo:53917, Key:110101,5(4)(2017-09-26_14-16-17-018)
Save data success. MsgId:9, SerialNo:53921, Key:40101,1(4)(2017-09-26_14-16-17-018)
Save data success. MsgId:9, SerialNo:53925, Key:120101,1(4)(2017-09-26_14-16-17-018)
Save data success. MsgId:9, SerialNo:53929, Key:40101,5(4)(2017-09-26_14-16-17-018)
Save data success. MsgId:9, SerialNo:53933, Key:120101,5(4)(2017-09-26_14-16-17-018)
Save data success. MsgId:9, SerialNo:53937, Key:30101,1(4)(2017-09-26_14-16-17-018)
Save data success. MsgId:9, SerialNo:53941, Key:110101,1(4)(2017-09-26_14-16-17-018)
Save data success. MsgId:9, SerialNo:53914, Key:50101,5(5)(2017-09-26_14-16-17-018)
Save data success. MsgId:9, SerialNo:53918, Key:130101,5(5)(2017-09-26_14-16-17-018)
Save data success. MsgId:9, SerialNo:53922, Key:60101,1(5)(2017-09-26_14-16-17-018)
Save data success. MsgId:9, SerialNo:53926, Key:140101,1(5)(2017-09-26_14-16-17-018)
Save data success. MsgId:9, SerialNo:53930, Key:60101,5(5)(2017-09-26_14-16-17-018)
Save data success. MsgId:9, SerialNo:53934, Key:140101,5(5)(2017-09-26_14-16-17-018)
Save data success. MsgId:9, SerialNo:53938, Key:50101,1(5)(2017-09-26_14-16-17-018)
Save data success. MsgId:9, SerialNo:53942, Key:130101,1(5)(2017-09-26_14-16-17-018)
Save data success. MsgId:9, SerialNo:53915, Key:70101,5(6)(2017-09-26_14-16-17-018)
Save data success. MsgId:9, SerialNo:53919, Key:150101,5(6)(2017-09-26_14-16-17-018)
Save data success. MsgId:9, SerialNo:53923, Key:80101,1(6)(2017-09-26_14-16-17-018)
Save data success. MsgId:9, SerialNo:53927, Key:160101,1(6)(2017-09-26_14-16-17-018)
Save data success. MsgId:9, SerialNo:53931, Key:80101,5(6)(2017-09-26_14-16-17-018)
Save data success. MsgId:9, SerialNo:53935, Key:160101,5(6)(2017-09-26_14-16-17-018)
Save data success. MsgId:9, SerialNo:53939, Key:70101,1(6)(2017-09-26_14-16-17-018)
Save data success. MsgId:9, SerialNo:53943, Key:150101,1(6)(2017-09-26_14-16-17-018)
Save data success. MsgId:9, SerialNo:53912, Key:10101,5(3)(2017-09-26_14-16-17-018)
Save data success. MsgId:9, SerialNo:53916, Key:90101,5(3)(2017-09-26_14-16-17-018)
Save data success. MsgId:9, SerialNo:53920, Key:20101,1(3)(2017-09-26_14-16-17-018)
Save data success. MsgId:9, SerialNo:53924, Key:100101,1(3)(2017-09-26_14-16-17-018)
Save data success. MsgId:9, SerialNo:53928, Key:20101,5(3)(2017-09-26_14-16-17-018)
Save data success. MsgId:9, SerialNo:53932, Key:100101,5(3)(2017-09-26_14-16-17-018)
Save data success. MsgId:9, SerialNo:53936, Key:10101,1(3)(2017-09-26_14-16-17-018)
Save data success. MsgId:9, SerialNo:53940, Key:90101,1(3)(2017-09-26_14-16-17-018)
Save data success. MsgId:14, SerialNo:53944, Key:20170926141616(3)(2017-09-26_14-16-17-018)
