VerifyAccount timeout, Account:568c44c7583c24111cce747ef3518f72jar:file:///data/app/com.bombrabbit.kingofruin-1/base.apk!/assets(21)(2017-09-26_14-15-44-881)
DataStoreThread.DispatchActionQueue ThreadActionCount 3 0(20)(2017-09-26_14-15-55-224)
DataStoreThread.DispatchActionQueue ThreadActionCount 4 0(20)(2017-09-26_14-15-55-224)
DataStoreThread.DispatchActionQueue ThreadActionCount 5 0(20)(2017-09-26_14-15-55-224)
DataStoreThread.DispatchActionQueue ThreadActionCount 6 0(20)(2017-09-26_14-15-55-224)
DataStoreThread. ThreadActionQueue Current Action 0(20)(2017-09-26_14-15-55-224)
DataStoreThread. LoadRequestCount:0, SaveRequestCount:0(20)(2017-09-26_14-15-55-224)
MatchThread.ActionQueue Current Action 0(22)(2017-09-26_14-15-55-243)
GlobalDataProcessThread.ActionQueue Current Action 0(9)(2017-09-26_14-15-55-273)
DataProcessScheduler.DataLogicThread 0 DispatchActionQueue Current Action 0(10)(2017-09-26_14-15-55-357)
DataProcessScheduler.DataLogicThread 1 DispatchActionQueue Current Action 0(10)(2017-09-26_14-15-55-357)
DataProcessScheduler.DataLogicThread 2 DispatchActionQueue Current Action 0(10)(2017-09-26_14-15-55-358)
DataProcessScheduler.DataLogicThread 3 DispatchActionQueue Current Action 0(10)(2017-09-26_14-15-55-358)
DataProcessScheduler.DataLogicThread 4 DispatchActionQueue Current Action 0(10)(2017-09-26_14-15-55-358)
DataProcessScheduler.DataLogicThread 5 DispatchActionQueue Current Action 0(10)(2017-09-26_14-15-55-358)
DataProcessScheduler.DataLogicThread 6 DispatchActionQueue Current Action 0(10)(2017-09-26_14-15-55-358)
DataProcessScheduler.DataLogicThread 7 DispatchActionQueue Current Action 0(10)(2017-09-26_14-15-55-358)
DataProcessScheduler.DataLogicThread 0 User Count 4(10)(2017-09-26_14-15-55-358)
DataProcessScheduler.DataLogicThread 1 User Count 4(10)(2017-09-26_14-15-55-358)
DataProcessScheduler.DataLogicThread 2 User Count 4(10)(2017-09-26_14-15-55-358)
DataProcessScheduler.DataLogicThread 3 User Count 4(10)(2017-09-26_14-15-55-358)
DataProcessScheduler.DataLogicThread 4 User Count 4(10)(2017-09-26_14-15-55-358)
DataProcessScheduler.DataLogicThread 5 User Count 4(10)(2017-09-26_14-15-55-358)
DataProcessScheduler.DataLogicThread 6 User Count 4(10)(2017-09-26_14-15-55-358)
DataProcessScheduler.DataLogicThread 7 User Count 4(10)(2017-09-26_14-15-55-358)
DataProcessScheduler.WrapThread ThreadActionQueue Current Action 0(10)(2017-09-26_14-15-55-358)
Lobby User Count:6 ElapsedTickTime:33(10)(2017-09-26_14-15-55-358)
